# JRE version: OpenJDK Runtime Environment Temurin-17.0.10+7 (17.0.10+7) (build 17.0.10+7)
# Java VM: OpenJDK 64-Bit Server VM Temurin-17.0.10+7 (17.0.10+7, mixed mode, tiered, compressed oops, compressed class ptrs, parallel gc, windows-amd64)
GC Precious Log:
 CPUs: 4 total, 4 available
 Memory: 6091M
 Large Page Support: Disabled
 NUMA Support: Disabled
 Compressed Oops: Enabled (32-bit)
 Alignments: Space 512K, Generation 512K, Heap 2M
 Heap Min Capacity: 100M
 Heap Initial Capacity: 100M
 Heap Max Capacity: 1G
 Pre-touch: Disabled
 Parallel Workers: 4
Heap:
 PSYoungGen      total 23040K, used 5787K [0x00000000eab00000, 0x00000000ec400000, 0x0000000100000000)
  eden space 21504K, 20% used [0x00000000eab00000,0x00000000eaf48140,0x00000000ec000000)
  from space 1536K, 91% used [0x00000000ec280000,0x00000000ec3deb30,0x00000000ec400000)
  to   space 2048K, 0% used [0x00000000ec000000,0x00000000ec000000,0x00000000ec200000)
 ParOldGen       total 68608K, used 26051K [0x00000000c0000000, 0x00000000c4300000, 0x00000000eab00000)
  object space 68608K, 37% used [0x00000000c0000000,0x00000000c1970ed0,0x00000000c4300000)
 Metaspace       used 39953K, committed 40704K, reserved 1114112K
  class space    used 4087K, committed 4416K, reserved 1048576K
GC Heap History (20 events):
Event: 24.493 GC heap before
{Heap before GC invocations=9 (full 1):
 PSYoungGen      total 27136K, used 27118K [0x00000000eab00000, 0x00000000ecc80000, 0x0000000100000000)
  eden space 24064K, 100% used [0x00000000eab00000,0x00000000ec280000,0x00000000ec280000)
  from space 3072K, 99% used [0x00000000ec300000,0x00000000ec5fbb28,0x00000000ec600000)
  to   space 5120K, 0% used [0x00000000ec780000,0x00000000ec780000,0x00000000ecc80000)
 ParOldGen       total 68608K, used 8110K [0x00000000c0000000, 0x00000000c4300000, 0x00000000eab00000)
  object space 68608K, 11% used [0x00000000c0000000,0x00000000c07eb928,0x00000000c4300000)
 Metaspace       used 34896K, committed 35584K, reserved 1114112K
  class space    used 3513K, committed 3776K, reserved 1048576K
}
Event: 24.502 GC heap after
{Heap after GC invocations=9 (full 1):
 PSYoungGen      total 28160K, used 4552K [0x00000000eab00000, 0x00000000ecc00000, 0x0000000100000000)
  eden space 23552K, 0% used [0x00000000eab00000,0x00000000eab00000,0x00000000ec200000)
  from space 4608K, 98% used [0x00000000ec780000,0x00000000ecbf23d0,0x00000000ecc00000)
  to   space 5120K, 0% used [0x00000000ec200000,0x00000000ec200000,0x00000000ec700000)
 ParOldGen       total 68608K, used 8118K [0x00000000c0000000, 0x00000000c4300000, 0x00000000eab00000)
  object space 68608K, 11% used [0x00000000c0000000,0x00000000c07ed928,0x00000000c4300000)
 Metaspace       used 34896K, committed 35584K, reserved 1114112K
  class space    used 3513K, committed 3776K, reserved 1048576K
}
Event: 24.655 GC heap before
{Heap before GC invocations=10 (full 1):
 PSYoungGen      total 28160K, used 7192K [0x00000000eab00000, 0x00000000ecc00000, 0x0000000100000000)
  eden space 23552K, 11% used [0x00000000eab00000,0x00000000ead93dc8,0x00000000ec200000)
  from space 4608K, 98% used [0x00000000ec780000,0x00000000ecbf23d0,0x00000000ecc00000)
  to   space 5120K, 0% used [0x00000000ec200000,0x00000000ec200000,0x00000000ec700000)
 ParOldGen       total 68608K, used 8118K [0x00000000c0000000, 0x00000000c4300000, 0x00000000eab00000)
  object space 68608K, 11% used [0x00000000c0000000,0x00000000c07ed928,0x00000000c4300000)
 Metaspace       used 35232K, committed 35840K, reserved 1114112K
  class space    used 3558K, committed 3840K, reserved 1048576K
}
Event: 24.660 GC heap after
{Heap after GC invocations=10 (full 1):
 PSYoungGen      total 27136K, used 3485K [0x00000000eab00000, 0x00000000eca00000, 0x0000000100000000)
  eden space 23552K, 0% used [0x00000000eab00000,0x00000000eab00000,0x00000000ec200000)
  from space 3584K, 97% used [0x00000000ec200000,0x00000000ec5675b0,0x00000000ec580000)
  to   space 4096K, 0% used [0x00000000ec600000,0x00000000ec600000,0x00000000eca00000)
 ParOldGen       total 68608K, used 9572K [0x00000000c0000000, 0x00000000c4300000, 0x00000000eab00000)
  object space 68608K, 13% used [0x00000000c0000000,0x00000000c09591d8,0x00000000c4300000)
 Metaspace       used 35232K, committed 35840K, reserved 1114112K
  class space    used 3558K, committed 3840K, reserved 1048576K
}
Event: 24.660 GC heap before
{Heap before GC invocations=11 (full 2):
 PSYoungGen      total 27136K, used 3485K [0x00000000eab00000, 0x00000000eca00000, 0x0000000100000000)
  eden space 23552K, 0% used [0x00000000eab00000,0x00000000eab00000,0x00000000ec200000)
  from space 3584K, 97% used [0x00000000ec200000,0x00000000ec5675b0,0x00000000ec580000)
  to   space 4096K, 0% used [0x00000000ec600000,0x00000000ec600000,0x00000000eca00000)
 ParOldGen       total 68608K, used 9572K [0x00000000c0000000, 0x00000000c4300000, 0x00000000eab00000)
  object space 68608K, 13% used [0x00000000c0000000,0x00000000c09591d8,0x00000000c4300000)
 Metaspace       used 35232K, committed 35840K, reserved 1114112K
  class space    used 3558K, committed 3840K, reserved 1048576K
}
Event: 24.702 GC heap after
{Heap after GC invocations=11 (full 2):
 PSYoungGen      total 27136K, used 0K [0x00000000eab00000, 0x00000000eca00000, 0x0000000100000000)
  eden space 23552K, 0% used [0x00000000eab00000,0x00000000eab00000,0x00000000ec200000)
  from space 3584K, 0% used [0x00000000ec200000,0x00000000ec200000,0x00000000ec580000)
  to   space 4096K, 0% used [0x00000000ec600000,0x00000000ec600000,0x00000000eca00000)
 ParOldGen       total 68608K, used 12792K [0x00000000c0000000, 0x00000000c4300000, 0x00000000eab00000)
  object space 68608K, 18% used [0x00000000c0000000,0x00000000c0c7e1e0,0x00000000c4300000)
 Metaspace       used 35232K, committed 35840K, reserved 1114112K
  class space    used 3558K, committed 3840K, reserved 1048576K
}
Event: 25.459 GC heap before
{Heap before GC invocations=12 (full 2):
 PSYoungGen      total 27136K, used 23552K [0x00000000eab00000, 0x00000000eca00000, 0x0000000100000000)
  eden space 23552K, 100% used [0x00000000eab00000,0x00000000ec200000,0x00000000ec200000)
  from space 3584K, 0% used [0x00000000ec200000,0x00000000ec200000,0x00000000ec580000)
  to   space 4096K, 0% used [0x00000000ec600000,0x00000000ec600000,0x00000000eca00000)
 ParOldGen       total 68608K, used 12792K [0x00000000c0000000, 0x00000000c4300000, 0x00000000eab00000)
  object space 68608K, 18% used [0x00000000c0000000,0x00000000c0c7e1e0,0x00000000c4300000)
 Metaspace       used 36792K, committed 37568K, reserved 1114112K
  class space    used 3737K, committed 4096K, reserved 1048576K
}
Event: 25.465 GC heap after
{Heap after GC invocations=12 (full 2):
 PSYoungGen      total 25600K, used 2144K [0x00000000eab00000, 0x00000000ec880000, 0x0000000100000000)
  eden space 23040K, 0% used [0x00000000eab00000,0x00000000eab00000,0x00000000ec180000)
  from space 2560K, 83% used [0x00000000ec600000,0x00000000ec818040,0x00000000ec880000)
  to   space 3072K, 0% used [0x00000000ec280000,0x00000000ec280000,0x00000000ec580000)
 ParOldGen       total 68608K, used 12800K [0x00000000c0000000, 0x00000000c4300000, 0x00000000eab00000)
  object space 68608K, 18% used [0x00000000c0000000,0x00000000c0c801e0,0x00000000c4300000)
 Metaspace       used 36792K, committed 37568K, reserved 1114112K
  class space    used 3737K, committed 4096K, reserved 1048576K
}
Event: 26.042 GC heap before
{Heap before GC invocations=13 (full 2):
 PSYoungGen      total 25600K, used 25184K [0x00000000eab00000, 0x00000000ec880000, 0x0000000100000000)
  eden space 23040K, 100% used [0x00000000eab00000,0x00000000ec180000,0x00000000ec180000)
  from space 2560K, 83% used [0x00000000ec600000,0x00000000ec818040,0x00000000ec880000)
  to   space 3072K, 0% used [0x00000000ec280000,0x00000000ec280000,0x00000000ec580000)
 ParOldGen       total 68608K, used 12800K [0x00000000c0000000, 0x00000000c4300000, 0x00000000eab00000)
  object space 68608K, 18% used [0x00000000c0000000,0x00000000c0c801e0,0x00000000c4300000)
 Metaspace       used 37011K, committed 37696K, reserved 1114112K
  class space    used 3756K, committed 4096K, reserved 1048576K
}
Event: 26.052 GC heap after
{Heap after GC invocations=13 (full 2):
 PSYoungGen      total 25088K, used 2240K [0x00000000eab00000, 0x00000000ec680000, 0x0000000100000000)
  eden space 22528K, 0% used [0x00000000eab00000,0x00000000eab00000,0x00000000ec100000)
  from space 2560K, 87% used [0x00000000ec280000,0x00000000ec4b0010,0x00000000ec500000)
  to   space 1536K, 0% used [0x00000000ec500000,0x00000000ec500000,0x00000000ec680000)
 ParOldGen       total 68608K, used 14878K [0x00000000c0000000, 0x00000000c4300000, 0x00000000eab00000)
  object space 68608K, 21% used [0x00000000c0000000,0x00000000c0e87858,0x00000000c4300000)
 Metaspace       used 37011K, committed 37696K, reserved 1114112K
  class space    used 3756K, committed 4096K, reserved 1048576K
}
Event: 26.258 GC heap before
{Heap before GC invocations=14 (full 2):
 PSYoungGen      total 25088K, used 24768K [0x00000000eab00000, 0x00000000ec680000, 0x0000000100000000)
  eden space 22528K, 100% used [0x00000000eab00000,0x00000000ec100000,0x00000000ec100000)
  from space 2560K, 87% used [0x00000000ec280000,0x00000000ec4b0010,0x00000000ec500000)
  to   space 1536K, 0% used [0x00000000ec500000,0x00000000ec500000,0x00000000ec680000)
 ParOldGen       total 68608K, used 14878K [0x00000000c0000000, 0x00000000c4300000, 0x00000000eab00000)
  object space 68608K, 21% used [0x00000000c0000000,0x00000000c0e87858,0x00000000c4300000)
 Metaspace       used 37079K, committed 37760K, reserved 1114112K
  class space    used 3769K, committed 4096K, reserved 1048576K
}
Event: 26.266 GC heap after
{Heap after GC invocations=14 (full 2):
 PSYoungGen      total 23040K, used 1504K [0x00000000eab00000, 0x00000000eca80000, 0x0000000100000000)
  eden space 21504K, 0% used [0x00000000eab00000,0x00000000eab00000,0x00000000ec000000)
  from space 1536K, 97% used [0x00000000ec500000,0x00000000ec678010,0x00000000ec680000)
  to   space 5120K, 0% used [0x00000000ec000000,0x00000000ec000000,0x00000000ec500000)
 ParOldGen       total 68608K, used 17758K [0x00000000c0000000, 0x00000000c4300000, 0x00000000eab00000)
  object space 68608K, 25% used [0x00000000c0000000,0x00000000c1157858,0x00000000c4300000)
 Metaspace       used 37079K, committed 37760K, reserved 1114112K
  class space    used 3769K, committed 4096K, reserved 1048576K
}
Event: 26.393 GC heap before
{Heap before GC invocations=15 (full 2):
 PSYoungGen      total 23040K, used 23008K [0x00000000eab00000, 0x00000000eca80000, 0x0000000100000000)
  eden space 21504K, 100% used [0x00000000eab00000,0x00000000ec000000,0x00000000ec000000)
  from space 1536K, 97% used [0x00000000ec500000,0x00000000ec678010,0x00000000ec680000)
  to   space 5120K, 0% used [0x00000000ec000000,0x00000000ec000000,0x00000000ec500000)
 ParOldGen       total 68608K, used 17758K [0x00000000c0000000, 0x00000000c4300000, 0x00000000eab00000)
  object space 68608K, 25% used [0x00000000c0000000,0x00000000c1157858,0x00000000c4300000)
 Metaspace       used 37079K, committed 37760K, reserved 1114112K
  class space    used 3769K, committed 4096K, reserved 1048576K
}
Event: 26.401 GC heap after
{Heap after GC invocations=15 (full 2):
 PSYoungGen      total 24064K, used 2400K [0x00000000eab00000, 0x00000000ec700000, 0x0000000100000000)
  eden space 21504K, 0% used [0x00000000eab00000,0x00000000eab00000,0x00000000ec000000)
  from space 2560K, 93% used [0x00000000ec000000,0x00000000ec258000,0x00000000ec280000)
  to   space 3584K, 0% used [0x00000000ec380000,0x00000000ec380000,0x00000000ec700000)
 ParOldGen       total 68608K, used 19278K [0x00000000c0000000, 0x00000000c4300000, 0x00000000eab00000)
  object space 68608K, 28% used [0x00000000c0000000,0x00000000c12d3890,0x00000000c4300000)
 Metaspace       used 37079K, committed 37760K, reserved 1114112K
  class space    used 3769K, committed 4096K, reserved 1048576K
}
Event: 26.556 GC heap before
{Heap before GC invocations=16 (full 2):
 PSYoungGen      total 24064K, used 23904K [0x00000000eab00000, 0x00000000ec700000, 0x0000000100000000)
  eden space 21504K, 100% used [0x00000000eab00000,0x00000000ec000000,0x00000000ec000000)
  from space 2560K, 93% used [0x00000000ec000000,0x00000000ec258000,0x00000000ec280000)
  to   space 3584K, 0% used [0x00000000ec380000,0x00000000ec380000,0x00000000ec700000)
 ParOldGen       total 68608K, used 19278K [0x00000000c0000000, 0x00000000c4300000, 0x00000000eab00000)
  object space 68608K, 28% used [0x00000000c0000000,0x00000000c12d3890,0x00000000c4300000)
 Metaspace       used 37079K, committed 37760K, reserved 1114112K
  class space    used 3769K, committed 4096K, reserved 1048576K
}
Event: 26.564 GC heap after
{Heap after GC invocations=16 (full 2):
 PSYoungGen      total 24064K, used 2400K [0x00000000eab00000, 0x00000000ec600000, 0x0000000100000000)
  eden space 21504K, 0% used [0x00000000eab00000,0x00000000eab00000,0x00000000ec000000)
  from space 2560K, 93% used [0x00000000ec380000,0x00000000ec5d8010,0x00000000ec600000)
  to   space 2560K, 0% used [0x00000000ec000000,0x00000000ec000000,0x00000000ec280000)
 ParOldGen       total 68608K, used 21630K [0x00000000c0000000, 0x00000000c4300000, 0x00000000eab00000)
  object space 68608K, 31% used [0x00000000c0000000,0x00000000c151f890,0x00000000c4300000)
 Metaspace       used 37079K, committed 37760K, reserved 1114112K
  class space    used 3769K, committed 4096K, reserved 1048576K
}
Event: 32.324 GC heap before
{Heap before GC invocations=17 (full 2):
 PSYoungGen      total 24064K, used 23901K [0x00000000eab00000, 0x00000000ec600000, 0x0000000100000000)
  eden space 21504K, 99% used [0x00000000eab00000,0x00000000ebfff4b0,0x00000000ec000000)
  from space 2560K, 93% used [0x00000000ec380000,0x00000000ec5d8010,0x00000000ec600000)
  to   space 2560K, 0% used [0x00000000ec000000,0x00000000ec000000,0x00000000ec280000)
 ParOldGen       total 68608K, used 21630K [0x00000000c0000000, 0x00000000c4300000, 0x00000000eab00000)
  object space 68608K, 31% used [0x00000000c0000000,0x00000000c151f890,0x00000000c4300000)
 Metaspace       used 38950K, committed 39680K, reserved 1114112K
  class space    used 3983K, committed 4288K, reserved 1048576K
}
Event: 32.334 GC heap after
{Heap after GC invocations=17 (full 2):
 PSYoungGen      total 24064K, used 2144K [0x00000000eab00000, 0x00000000ec500000, 0x0000000100000000)
  eden space 21504K, 0% used [0x00000000eab00000,0x00000000eab00000,0x00000000ec000000)
  from space 2560K, 83% used [0x00000000ec000000,0x00000000ec218000,0x00000000ec280000)
  to   space 2560K, 0% used [0x00000000ec280000,0x00000000ec280000,0x00000000ec500000)
 ParOldGen       total 68608K, used 23988K [0x00000000c0000000, 0x00000000c4300000, 0x00000000eab00000)
  object space 68608K, 34% used [0x00000000c0000000,0x00000000c176d120,0x00000000c4300000)
 Metaspace       used 38950K, committed 39680K, reserved 1114112K
  class space    used 3983K, committed 4288K, reserved 1048576K
}
Event: 33.247 GC heap before
{Heap before GC invocations=18 (full 2):
 PSYoungGen      total 24064K, used 23648K [0x00000000eab00000, 0x00000000ec500000, 0x0000000100000000)
  eden space 21504K, 100% used [0x00000000eab00000,0x00000000ec000000,0x00000000ec000000)
  from space 2560K, 83% used [0x00000000ec000000,0x00000000ec218000,0x00000000ec280000)
  to   space 2560K, 0% used [0x00000000ec280000,0x00000000ec280000,0x00000000ec500000)
 ParOldGen       total 68608K, used 23988K [0x00000000c0000000, 0x00000000c4300000, 0x00000000eab00000)
  object space 68608K, 34% used [0x00000000c0000000,0x00000000c176d120,0x00000000c4300000)
 Metaspace       used 39952K, committed 40704K, reserved 1114112K
  class space    used 4087K, committed 4416K, reserved 1048576K
}
Event: 33.252 GC heap after
{Heap after GC invocations=18 (full 2):
 PSYoungGen      total 23040K, used 1402K [0x00000000eab00000, 0x00000000ec400000, 0x0000000100000000)
  eden space 21504K, 0% used [0x00000000eab00000,0x00000000eab00000,0x00000000ec000000)
  from space 1536K, 91% used [0x00000000ec280000,0x00000000ec3deb30,0x00000000ec400000)
  to   space 2048K, 0% used [0x00000000ec000000,0x00000000ec000000,0x00000000ec200000)
 ParOldGen       total 68608K, used 26051K [0x00000000c0000000, 0x00000000c4300000, 0x00000000eab00000)
  object space 68608K, 37% used [0x00000000c0000000,0x00000000c1970ed0,0x00000000c4300000)
 Metaspace       used 39952K, committed 40704K, reserved 1114112K
  class space    used 4087K, committed 4416K, reserved 1048576K
}

